
> dev:lan
> vite --host 0.0.0.0

[33mThe CJS build of Vite's Node API is deprecated. See https://vite.dev/guide/troubleshooting.html#vite-cjs-node-api-deprecated for more details.[39m
error when starting dev server:
Error: Port 5173 is already in use
    at Server.onError (file:///home/wan/IE/frontend/node_modules/vite/dist/node/chunks/dep-BK3b2jBa.js:45596:18)
    at Server.emit (node:events:519:28)
    at emitErrorNT (node:net:1977:8)
    at process.processTicksAndRejections (node:internal/process/task_queues:89:21)

> dev:lan
> vite --host 0.0.0.0

[33mThe CJS build of Vite's Node API is deprecated. See https://vite.dev/guide/troubleshooting.html#vite-cjs-node-api-deprecated for more details.[39m
error when starting dev server:
Error: Port 5173 is already in use
    at Server.onError (file:///home/wan/IE/frontend/node_modules/vite/dist/node/chunks/dep-BK3b2jBa.js:45596:18)
    at Server.emit (node:events:519:28)
    at emitErrorNT (node:net:1977:8)
    at process.processTicksAndRejections (node:internal/process/task_queues:89:21)

> dev:lan
> vite --host 0.0.0.0

[33mThe CJS build of Vite's Node API is deprecated. See https://vite.dev/guide/troubleshooting.html#vite-cjs-node-api-deprecated for more details.[39m
error when starting dev server:
Error: Port 5173 is already in use
    at Server.onError (file:///home/wan/IE/frontend/node_modules/vite/dist/node/chunks/dep-BK3b2jBa.js:45596:18)
    at Server.emit (node:events:519:28)
    at emitErrorNT (node:net:1977:8)
    at process.processTicksAndRejections (node:internal/process/task_queues:89:21)

> dev:lan
> vite --host 0.0.0.0

[33mThe CJS build of Vite's Node API is deprecated. See https://vite.dev/guide/troubleshooting.html#vite-cjs-node-api-deprecated for more details.[39m
error when starting dev server:
Error: Port 5173 is already in use
    at Server.onError (file:///home/wan/IE/frontend/node_modules/vite/dist/node/chunks/dep-BK3b2jBa.js:45596:18)
    at Server.emit (node:events:519:28)
    at emitErrorNT (node:net:1977:8)
    at process.processTicksAndRejections (node:internal/process/task_queues:89:21)

> dev:lan
> vite --host 0.0.0.0

[33mThe CJS build of Vite's Node API is deprecated. See https://vite.dev/guide/troubleshooting.html#vite-cjs-node-api-deprecated for more details.[39m
error when starting dev server:
Error: Port 5173 is already in use
    at Server.onError (file:///home/wan/IE/frontend/node_modules/vite/dist/node/chunks/dep-BK3b2jBa.js:45596:18)
    at Server.emit (node:events:519:28)
    at emitErrorNT (node:net:1977:8)
    at process.processTicksAndRejections (node:internal/process/task_queues:89:21)

> dev:lan
> vite --host 0.0.0.0

[33mThe CJS build of Vite's Node API is deprecated. See https://vite.dev/guide/troubleshooting.html#vite-cjs-node-api-deprecated for more details.[39m
error when starting dev server:
Error: Port 5173 is already in use
    at Server.onError (file:///home/wan/IE/frontend/node_modules/vite/dist/node/chunks/dep-BK3b2jBa.js:45596:18)
    at Server.emit (node:events:519:28)
    at emitErrorNT (node:net:1977:8)
    at process.processTicksAndRejections (node:internal/process/task_queues:89:21)

> dev:lan
> vite --host 0.0.0.0

[33mThe CJS build of Vite's Node API is deprecated. See https://vite.dev/guide/troubleshooting.html#vite-cjs-node-api-deprecated for more details.[39m
error when starting dev server:
Error: Port 5173 is already in use
    at Server.onError (file:///home/wan/IE/frontend/node_modules/vite/dist/node/chunks/dep-BK3b2jBa.js:45596:18)
    at Server.emit (node:events:519:28)
    at emitErrorNT (node:net:1977:8)
    at process.processTicksAndRejections (node:internal/process/task_queues:89:21)

> dev:lan
> vite --host 0.0.0.0

[33mThe CJS build of Vite's Node API is deprecated. See https://vite.dev/guide/troubleshooting.html#vite-cjs-node-api-deprecated for more details.[39m
error when starting dev server:
Error: Port 5173 is already in use
    at Server.onError (file:///home/wan/IE/frontend/node_modules/vite/dist/node/chunks/dep-BK3b2jBa.js:45596:18)
    at Server.emit (node:events:519:28)
    at emitErrorNT (node:net:1977:8)
    at process.processTicksAndRejections (node:internal/process/task_queues:89:21)

> dev:lan
> vite --host 0.0.0.0

[33mThe CJS build of Vite's Node API is deprecated. See https://vite.dev/guide/troubleshooting.html#vite-cjs-node-api-deprecated for more details.[39m
error when starting dev server:
Error: Port 5173 is already in use
    at Server.onError (file:///home/wan/IE/frontend/node_modules/vite/dist/node/chunks/dep-BK3b2jBa.js:45596:18)
    at Server.emit (node:events:519:28)
    at emitErrorNT (node:net:1977:8)
    at process.processTicksAndRejections (node:internal/process/task_queues:89:21)

> dev:lan
> vite --host 0.0.0.0

[33mThe CJS build of Vite's Node API is deprecated. See https://vite.dev/guide/troubleshooting.html#vite-cjs-node-api-deprecated for more details.[39m
error when starting dev server:
Error: Port 5173 is already in use
    at Server.onError (file:///home/wan/IE/frontend/node_modules/vite/dist/node/chunks/dep-BK3b2jBa.js:45596:18)
    at Server.emit (node:events:519:28)
    at emitErrorNT (node:net:1977:8)
    at process.processTicksAndRejections (node:internal/process/task_queues:89:21)

> dev:lan
> vite --host 0.0.0.0

[33mThe CJS build of Vite's Node API is deprecated. See https://vite.dev/guide/troubleshooting.html#vite-cjs-node-api-deprecated for more details.[39m
error when starting dev server:
Error: Port 5173 is already in use
    at Server.onError (file:///home/wan/IE/frontend/node_modules/vite/dist/node/chunks/dep-BK3b2jBa.js:45596:18)
    at Server.emit (node:events:519:28)
    at emitErrorNT (node:net:1977:8)
    at process.processTicksAndRejections (node:internal/process/task_queues:89:21)

> dev:lan
> vite --host 0.0.0.0

[33mThe CJS build of Vite's Node API is deprecated. See https://vite.dev/guide/troubleshooting.html#vite-cjs-node-api-deprecated for more details.[39m
error when starting dev server:
Error: Port 5173 is already in use
    at Server.onError (file:///home/wan/IE/frontend/node_modules/vite/dist/node/chunks/dep-BK3b2jBa.js:45596:18)
    at Server.emit (node:events:519:28)
    at emitErrorNT (node:net:1977:8)
    at process.processTicksAndRejections (node:internal/process/task_queues:89:21)

> dev:lan
> vite --host 0.0.0.0

[33mThe CJS build of Vite's Node API is deprecated. See https://vite.dev/guide/troubleshooting.html#vite-cjs-node-api-deprecated for more details.[39m
error when starting dev server:
Error: Port 5173 is already in use
    at Server.onError (file:///home/wan/IE/frontend/node_modules/vite/dist/node/chunks/dep-BK3b2jBa.js:45596:18)
    at Server.emit (node:events:519:28)
    at emitErrorNT (node:net:1977:8)
    at process.processTicksAndRejections (node:internal/process/task_queues:89:21)

> dev:lan
> vite --host 0.0.0.0

[33mThe CJS build of Vite's Node API is deprecated. See https://vite.dev/guide/troubleshooting.html#vite-cjs-node-api-deprecated for more details.[39m
error when starting dev server:
Error: Port 5173 is already in use
    at Server.onError (file:///home/wan/IE/frontend/node_modules/vite/dist/node/chunks/dep-BK3b2jBa.js:45596:18)
    at Server.emit (node:events:519:28)
    at emitErrorNT (node:net:1977:8)
    at process.processTicksAndRejections (node:internal/process/task_queues:89:21)

> dev:lan
> vite --host 0.0.0.0

[33mThe CJS build of Vite's Node API is deprecated. See https://vite.dev/guide/troubleshooting.html#vite-cjs-node-api-deprecated for more details.[39m
error when starting dev server:
Error: Port 5173 is already in use
    at Server.onError (file:///home/wan/IE/frontend/node_modules/vite/dist/node/chunks/dep-BK3b2jBa.js:45596:18)
    at Server.emit (node:events:519:28)
    at emitErrorNT (node:net:1977:8)
    at process.processTicksAndRejections (node:internal/process/task_queues:89:21)

> dev:lan
> vite --host 0.0.0.0

[33mThe CJS build of Vite's Node API is deprecated. See https://vite.dev/guide/troubleshooting.html#vite-cjs-node-api-deprecated for more details.[39m
error when starting dev server:
Error: Port 5173 is already in use
    at Server.onError (file:///home/wan/IE/frontend/node_modules/vite/dist/node/chunks/dep-BK3b2jBa.js:45596:18)
    at Server.emit (node:events:519:28)
    at emitErrorNT (node:net:1977:8)
    at process.processTicksAndRejections (node:internal/process/task_queues:89:21)

> dev:lan
> vite --host 0.0.0.0

[33mThe CJS build of Vite's Node API is deprecated. See https://vite.dev/guide/troubleshooting.html#vite-cjs-node-api-deprecated for more details.[39m
error when starting dev server:
Error: Port 5173 is already in use
    at Server.onError (file:///home/wan/IE/frontend/node_modules/vite/dist/node/chunks/dep-BK3b2jBa.js:45596:18)
    at Server.emit (node:events:519:28)
    at emitErrorNT (node:net:1977:8)
    at process.processTicksAndRejections (node:internal/process/task_queues:89:21)

> dev:lan
> vite --host 0.0.0.0

[33mThe CJS build of Vite's Node API is deprecated. See https://vite.dev/guide/troubleshooting.html#vite-cjs-node-api-deprecated for more details.[39m

  VITE v5.4.21  ready in 246 ms

  ➜  Local:   http://localhost:5173/
  ➜  Network: http://192.168.31.148:5173/

> dev:lan
> vite --host 0.0.0.0

[33mThe CJS build of Vite's Node API is deprecated. See https://vite.dev/guide/troubleshooting.html#vite-cjs-node-api-deprecated for more details.[39m

  VITE v5.4.21  ready in 309 ms

  ➜  Local:   http://localhost:5173/
  ➜  Network: http://192.168.31.148:5173/
01:12:09 [vite] vite.config.ts changed, restarting server...
01:12:09 [vite] server restarted.
01:34:04 [vite] http proxy error: /api/auth/login
Error: connect ECONNREFUSED 127.0.0.1:8080
    at TCPConnectWrap.afterConnect [as oncomplete] (node:net:1638:16)
22:04:35 [vite] vite.config.ts changed, restarting server...
22:04:35 [vite] server restarted.
22:10:26 [vite] vite.config.ts changed, restarting server...
22:10:26 [vite] server restarted.
22:27:35 [vite] vite.config.ts changed, restarting server...
22:27:35 [vite] server restarted.
00:10:42 [vite] hmr update /src/views/Labels.vue

> dev:lan
> vite --host 0.0.0.0

[33mThe CJS build of Vite's Node API is deprecated. See https://vite.dev/guide/troubleshooting.html#vite-cjs-node-api-deprecated for more details.[39m

  VITE v5.4.21  ready in 452 ms

  ➜  Local:   http://localhost:5173/
  ➜  Network: http://192.168.31.148:5173/

> dev:lan
> vite --host 0.0.0.0

[33mThe CJS build of Vite's Node API is deprecated. See https://vite.dev/guide/troubleshooting.html#vite-cjs-node-api-deprecated for more details.[39m

  VITE v5.4.21  ready in 373 ms

  ➜  Local:   http://localhost:5173/
  ➜  Network: http://192.168.31.148:5173/
01:26:55 [vite] hmr update /src/views/Labels.vue
01:27:14 [vite] hmr update /src/views/Labels.vue
01:27:26 [vite] hmr update /src/views/Labels.vue
01:27:38 [vite] hmr update /src/views/Labels.vue
01:28:10 [vite] hmr update /src/views/Labels.vue

> dev:lan
> vite --host 0.0.0.0

[33mThe CJS build of Vite's Node API is deprecated. See https://vite.dev/guide/troubleshooting.html#vite-cjs-node-api-deprecated for more details.[39m

  VITE v5.4.21  ready in 245 ms

  ➜  Local:   http://localhost:5173/
  ➜  Network: http://192.168.31.148:5173/
